[debug] [2018-04-06T11:26:44.434Z] ----------------------------------------------------------------------
[debug] [2018-04-06T11:26:44.441Z] Command:       C:\Program Files\nodejs\node.exe C:\Users\admin\AppData\Roaming\npm\node_modules\firebase-tools\bin\firebase deploy
[debug] [2018-04-06T11:26:44.442Z] CLI Version:   3.17.5
[debug] [2018-04-06T11:26:44.442Z] Platform:      win32
[debug] [2018-04-06T11:26:44.442Z] Node Version:  v8.9.4
[debug] [2018-04-06T11:26:44.445Z] Time:          Fri Apr 06 2018 20:26:44 GMT+0900 (대한민국 표준시)
[debug] [2018-04-06T11:26:44.445Z] ----------------------------------------------------------------------
[debug] 
[debug] [2018-04-06T11:26:44.560Z] > command requires scopes: ["email","openid","https://www.googleapis.com/auth/cloudplatformprojects.readonly","https://www.googleapis.com/auth/firebase","https://www.googleapis.com/auth/cloud-platform"]
[debug] [2018-04-06T11:26:44.576Z] > authorizing via signed-in user
[debug] [2018-04-06T11:26:44.592Z] > refreshing access token with scopes: ["email","https://www.googleapis.com/auth/cloud-platform","https://www.googleapis.com/auth/cloudplatformprojects.readonly","https://www.googleapis.com/auth/firebase","openid"]
[debug] [2018-04-06T11:26:44.592Z] >>> HTTP REQUEST POST https://www.googleapis.com/oauth2/v3/token  
 { refresh_token: '1/FuPT0HavneK7otsehVWC6vYBd-F2drjs6MzqoiQ49NA',
  client_id: '563584335869-fgrhgmd47bqnekij5i8b5pr03ho849e6.apps.googleusercontent.com',
  client_secret: 'j9iVZfS8kkCEFUPaAeJV0sAi',
  grant_type: 'refresh_token',
  scope: 'email https://www.googleapis.com/auth/cloud-platform https://www.googleapis.com/auth/cloudplatformprojects.readonly https://www.googleapis.com/auth/firebase openid' } 
 Fri Apr 06 2018 20:26:44 GMT+0900 (대한민국 표준시)
[debug] [2018-04-06T11:26:48.639Z] <<< HTTP RESPONSE 200
[debug] [2018-04-06T11:26:48.670Z] >>> HTTP REQUEST GET https://admin.firebase.com/v1/projects/react-order-app-han  
  
 Fri Apr 06 2018 20:26:48 GMT+0900 (대한민국 표준시)
[debug] [2018-04-06T11:27:14.231Z] <<< HTTP RESPONSE 200
[debug] [2018-04-06T11:27:14.246Z] >>> HTTP REQUEST GET https://admin.firebase.com/v1/database/react-order-app-han/tokens  
  
 Fri Apr 06 2018 20:27:14 GMT+0900 (대한민국 표준시)
[debug] [2018-04-06T11:27:50.461Z] ----------------------------------------------------------------------
[debug] [2018-04-06T11:27:50.477Z] Command:       C:\Program Files\nodejs\node.exe C:\Users\admin\AppData\Roaming\npm\node_modules\firebase-tools\bin\firebase serve
[debug] [2018-04-06T11:27:50.477Z] CLI Version:   3.17.5
[debug] [2018-04-06T11:27:50.477Z] Platform:      win32
[debug] [2018-04-06T11:27:50.477Z] Node Version:  v8.9.4
[debug] [2018-04-06T11:27:50.477Z] Time:          Fri Apr 06 2018 20:27:50 GMT+0900 (대한민국 표준시)
[debug] [2018-04-06T11:27:50.477Z] ----------------------------------------------------------------------
[debug] 
[debug] [2018-04-06T11:27:50.493Z] > command requires scopes: ["email","openid","https://www.googleapis.com/auth/cloudplatformprojects.readonly","https://www.googleapis.com/auth/firebase","https://www.googleapis.com/auth/cloud-platform"]
[debug] [2018-04-06T11:27:50.508Z] > authorizing via signed-in user
[debug] [2018-04-06T11:27:50.508Z] >>> HTTP REQUEST GET https://admin.firebase.com/v1/projects/react-order-app-han  
  
 Fri Apr 06 2018 20:27:50 GMT+0900 (대한민국 표준시)
[debug] [2018-04-06T11:27:52.961Z] <<< HTTP RESPONSE 200
[debug] [2018-04-06T11:27:52.961Z] >>> HTTP REQUEST GET https://admin.firebase.com/v1/database/react-order-app-han/tokens  
  
 Fri Apr 06 2018 20:27:52 GMT+0900 (대한민국 표준시)
[debug] [2018-04-06T11:27:54.446Z] <<< HTTP RESPONSE 200
[debug] [2018-04-06T11:27:54.446Z] >>> HTTP REQUEST GET https://cloudresourcemanager.googleapis.com/v1/projects/react-order-app-han  
  
 Fri Apr 06 2018 20:27:54 GMT+0900 (대한민국 표준시)
[debug] [2018-04-06T11:27:57.243Z] <<< HTTP RESPONSE 200
[info] 
[info] === Serving from 'C:\myfolder\CS\project\reactOrderApp\react-order-app'...
[info] 
[debug] [2018-04-06T11:27:57.258Z] >>> HTTP REQUEST GET https://mobilesdk-pa.googleapis.com/v1/projects/440660944932/clients/_:getWebAppConfig  
  
 Fri Apr 06 2018 20:27:57 GMT+0900 (대한민국 표준시)
[debug] [2018-04-06T11:28:25.559Z] Error: socket hang up
    at TLSSocket.onHangUp (_tls_wrap.js:1135:19)
    at Object.onceWrapper (events.js:313:30)
    at emitNone (events.js:111:20)
    at TLSSocket.emit (events.js:208:7)
    at endReadableNT (_stream_readable.js:1055:12)
    at _combinedTickCallback (internal/process/next_tick.js:138:11)
    at process._tickDomainCallback (internal/process/next_tick.js:218:9)
[error] 
[error] Error: Server Error. socket hang up
